{"contracts/SPA.sol":{"l":{"32":6,"33":6,"34":6,"38":3,"39":2,"41":2,"42":2,"46":0,"47":0,"49":0,"50":0,"51":0,"55":2,"56":1,"57":1,"59":1,"60":1,"61":1},"path":"/home/saou/Documents/project/alyra/exo_spa/contracts/SPA.sol","s":{"1":6,"2":6,"3":6,"4":3,"5":2,"6":2,"7":0,"8":0,"9":2,"10":1,"11":1,"12":1},"b":{"1":[2,1],"2":[2,0],"3":[0,0],"4":[0,0],"5":[1,1],"6":[1,0],"7":[1,0]},"f":{"1":6,"2":3,"3":0,"4":2},"fnMap":{"1":{"name":"addAnimal","line":31,"loc":{"start":{"line":31,"column":4},"end":{"line":35,"column":4}}},"2":{"name":"removeAnimal","line":37,"loc":{"start":{"line":37,"column":4},"end":{"line":43,"column":4}}},"3":{"name":"updateAnimal","line":45,"loc":{"start":{"line":45,"column":4},"end":{"line":52,"column":4}}},"4":{"name":"adoptAnimal","line":54,"loc":{"start":{"line":54,"column":4},"end":{"line":62,"column":4}}}},"statementMap":{"1":{"start":{"line":32,"column":8},"end":{"line":32,"column":62}},"2":{"start":{"line":33,"column":8},"end":{"line":33,"column":22}},"3":{"start":{"line":34,"column":8},"end":{"line":34,"column":44}},"4":{"start":{"line":38,"column":8},"end":{"line":38,"column":54}},"5":{"start":{"line":39,"column":8},"end":{"line":39,"column":67}},"6":{"start":{"line":42,"column":8},"end":{"line":42,"column":44}},"7":{"start":{"line":46,"column":8},"end":{"line":46,"column":54}},"8":{"start":{"line":47,"column":8},"end":{"line":47,"column":62}},"9":{"start":{"line":55,"column":8},"end":{"line":55,"column":54}},"10":{"start":{"line":56,"column":8},"end":{"line":56,"column":62}},"11":{"start":{"line":57,"column":8},"end":{"line":57,"column":72}},"12":{"start":{"line":61,"column":8},"end":{"line":61,"column":49}}},"branchMap":{"1":{"line":38,"type":"if","locations":[{"start":{"line":38,"column":8},"end":{"line":38,"column":8}},{"start":{"line":38,"column":8},"end":{"line":38,"column":8}}]},"2":{"line":39,"type":"if","locations":[{"start":{"line":39,"column":8},"end":{"line":39,"column":8}},{"start":{"line":39,"column":8},"end":{"line":39,"column":8}}]},"3":{"line":46,"type":"if","locations":[{"start":{"line":46,"column":8},"end":{"line":46,"column":8}},{"start":{"line":46,"column":8},"end":{"line":46,"column":8}}]},"4":{"line":47,"type":"if","locations":[{"start":{"line":47,"column":8},"end":{"line":47,"column":8}},{"start":{"line":47,"column":8},"end":{"line":47,"column":8}}]},"5":{"line":55,"type":"if","locations":[{"start":{"line":55,"column":8},"end":{"line":55,"column":8}},{"start":{"line":55,"column":8},"end":{"line":55,"column":8}}]},"6":{"line":56,"type":"if","locations":[{"start":{"line":56,"column":8},"end":{"line":56,"column":8}},{"start":{"line":56,"column":8},"end":{"line":56,"column":8}}]},"7":{"line":57,"type":"if","locations":[{"start":{"line":57,"column":8},"end":{"line":57,"column":8}},{"start":{"line":57,"column":8},"end":{"line":57,"column":8}}]}}}}